build/app/intermediates/manifest_merge_blame_file/debug/manifest-merger-blame-debug-report.txt
1<?xml version="1.0" encoding="utf-8"?>
2<manifest xmlns:android="http://schemas.android.com/apk/res/android"
3    package="silver.genie"
4    android:versionCode="38"
5    android:versionName="1.0.1" >
6
7    <uses-sdk
8        android:minSdkVersion="21"
9        android:targetSdkVersion="35" />
10    <!--
11         The INTERNET permission is required for development. Specifically,
12         the Flutter tool needs it to communicate with the running application
13         to allow setting breakpoints, to provide hot reload, etc.
14    -->
15    <uses-permission android:name="android.permission.INTERNET" />
15-->src\main\AndroidManifest.xml:4:5-67
15-->src\main\AndroidManifest.xml:4:22-64
16    <uses-permission android:name="android.permission.ACCESS_NETWORK_STATE" />
16-->src\main\AndroidManifest.xml:3:5-79
16-->src\main\AndroidManifest.xml:3:22-76
17    <uses-permission android:name="android.permission.CAMERA" />
17-->src\main\AndroidManifest.xml:5:5-65
17-->src\main\AndroidManifest.xml:5:22-62
18    <uses-permission android:name="android.permission.WAKE_LOCK" /> <!-- Permissions options for the `notification` group -->
18-->[:firebase_analytics] AndroidManifest.xml:9:5-68
18-->[:firebase_analytics] AndroidManifest.xml:9:22-65
19    <uses-permission android:name="android.permission.POST_NOTIFICATIONS" /> <!-- See https://developer.android.com/training/package-visibility -->
19-->[:firebase_messaging] AndroidManifest.xml:11:5-77
19-->[:firebase_messaging] AndroidManifest.xml:11:22-74
20    <queries>
20-->[:flutter_downloader] AndroidManifest.xml:8:5-12:15
21        <intent>
21-->[:flutter_downloader] AndroidManifest.xml:9:9-11:18
22            <action android:name="android.intent.action.VIEW" />
22-->[:flutter_downloader] AndroidManifest.xml:10:13-65
22-->[:flutter_downloader] AndroidManifest.xml:10:21-62
23        </intent>
24        <intent>
24-->[com.google.firebase:firebase-inappmessaging-display:21.0.0] AndroidManifest.xml:11:9-15:18
25            <action android:name="android.intent.action.VIEW" />
25-->[:flutter_downloader] AndroidManifest.xml:10:13-65
25-->[:flutter_downloader] AndroidManifest.xml:10:21-62
26
27            <data android:scheme="https" />
27-->[com.google.firebase:firebase-inappmessaging-display:21.0.0] AndroidManifest.xml:14:13-44
27-->[com.google.firebase:firebase-inappmessaging-display:21.0.0] AndroidManifest.xml:14:19-41
28        </intent>
29        <intent>
29-->[com.razorpay:standard-core:1.6.50] AndroidManifest.xml:11:9-17:18
30            <action android:name="android.intent.action.VIEW" />
30-->[:flutter_downloader] AndroidManifest.xml:10:13-65
30-->[:flutter_downloader] AndroidManifest.xml:10:21-62
31
32            <data
32-->[com.google.firebase:firebase-inappmessaging-display:21.0.0] AndroidManifest.xml:14:13-44
33                android:mimeType="*/*"
34                android:scheme="*" />
34-->[com.google.firebase:firebase-inappmessaging-display:21.0.0] AndroidManifest.xml:14:19-41
35        </intent>
36        <intent>
36-->[com.razorpay:standard-core:1.6.50] AndroidManifest.xml:18:9-27:18
37            <action android:name="android.intent.action.VIEW" />
37-->[:flutter_downloader] AndroidManifest.xml:10:13-65
37-->[:flutter_downloader] AndroidManifest.xml:10:21-62
38
39            <category android:name="android.intent.category.BROWSABLE" />
39-->[com.razorpay:standard-core:1.6.50] AndroidManifest.xml:21:13-74
39-->[com.razorpay:standard-core:1.6.50] AndroidManifest.xml:21:23-71
40
41            <data
41-->[com.google.firebase:firebase-inappmessaging-display:21.0.0] AndroidManifest.xml:14:13-44
42                android:host="pay"
43                android:mimeType="*/*"
44                android:scheme="upi" />
44-->[com.google.firebase:firebase-inappmessaging-display:21.0.0] AndroidManifest.xml:14:19-41
45        </intent>
46        <intent>
46-->[com.razorpay:standard-core:1.6.50] AndroidManifest.xml:28:9-30:18
47            <action android:name="android.intent.action.MAIN" />
47-->[com.razorpay:standard-core:1.6.50] AndroidManifest.xml:29:13-65
47-->[com.razorpay:standard-core:1.6.50] AndroidManifest.xml:29:21-62
48        </intent>
49        <intent>
49-->[com.razorpay:standard-core:1.6.50] AndroidManifest.xml:31:9-35:18
50            <action android:name="android.intent.action.SEND" />
50-->[com.razorpay:standard-core:1.6.50] AndroidManifest.xml:32:13-65
50-->[com.razorpay:standard-core:1.6.50] AndroidManifest.xml:32:21-62
51
52            <data android:mimeType="*/*" />
52-->[com.google.firebase:firebase-inappmessaging-display:21.0.0] AndroidManifest.xml:14:13-44
53        </intent>
54        <intent>
54-->[com.razorpay:standard-core:1.6.50] AndroidManifest.xml:36:9-38:18
55            <action android:name="rzp.device_token.share" />
55-->[com.razorpay:standard-core:1.6.50] AndroidManifest.xml:37:13-61
55-->[com.razorpay:standard-core:1.6.50] AndroidManifest.xml:37:21-58
56        </intent>
57    </queries>
58
59    <uses-permission android:name="android.permission.VIBRATE" /> <!-- Required by older versions of Google Play services to create IID tokens -->
59-->[:flutter_local_notifications] AndroidManifest.xml:7:5-66
59-->[:flutter_local_notifications] AndroidManifest.xml:7:22-63
60    <uses-permission android:name="com.google.android.c2dm.permission.RECEIVE" />
60-->[com.google.firebase:firebase-messaging:24.0.0] AndroidManifest.xml:26:5-82
60-->[com.google.firebase:firebase-messaging:24.0.0] AndroidManifest.xml:26:22-79
61    <uses-permission android:name="com.google.android.gms.permission.AD_ID" />
61-->[com.google.android.gms:play-services-measurement-api:22.0.2] AndroidManifest.xml:25:5-79
61-->[com.google.android.gms:play-services-measurement-api:22.0.2] AndroidManifest.xml:25:22-76
62    <uses-permission android:name="android.permission.ACCESS_ADSERVICES_ATTRIBUTION" />
62-->[com.google.android.gms:play-services-measurement-api:22.0.2] AndroidManifest.xml:26:5-88
62-->[com.google.android.gms:play-services-measurement-api:22.0.2] AndroidManifest.xml:26:22-85
63    <uses-permission android:name="android.permission.ACCESS_ADSERVICES_AD_ID" />
63-->[com.google.android.gms:play-services-measurement-api:22.0.2] AndroidManifest.xml:27:5-82
63-->[com.google.android.gms:play-services-measurement-api:22.0.2] AndroidManifest.xml:27:22-79
64    <uses-permission android:name="android.permission.RECEIVE_BOOT_COMPLETED" />
64-->[androidx.work:work-runtime:2.9.0] AndroidManifest.xml:25:5-81
64-->[androidx.work:work-runtime:2.9.0] AndroidManifest.xml:25:22-78
65    <uses-permission android:name="android.permission.FOREGROUND_SERVICE" />
65-->[androidx.work:work-runtime:2.9.0] AndroidManifest.xml:26:5-77
65-->[androidx.work:work-runtime:2.9.0] AndroidManifest.xml:26:22-74
66    <uses-permission android:name="com.google.android.finsky.permission.BIND_GET_INSTALL_REFERRER_SERVICE" />
66-->[com.google.android.gms:play-services-measurement:22.0.2] AndroidManifest.xml:26:5-110
66-->[com.google.android.gms:play-services-measurement:22.0.2] AndroidManifest.xml:26:22-107
67
68    <uses-feature
68-->[com.google.android.gms:play-services-maps:17.0.0] AndroidManifest.xml:26:5-28:35
69        android:glEsVersion="0x00020000"
69-->[com.google.android.gms:play-services-maps:17.0.0] AndroidManifest.xml:27:9-41
70        android:required="true" />
70-->[com.google.android.gms:play-services-maps:17.0.0] AndroidManifest.xml:28:9-32
71
72    <permission
72-->[androidx.core:core:1.13.1] AndroidManifest.xml:22:5-24:47
73        android:name="silver.genie.DYNAMIC_RECEIVER_NOT_EXPORTED_PERMISSION"
73-->[androidx.core:core:1.13.1] AndroidManifest.xml:23:9-81
74        android:protectionLevel="signature" />
74-->[androidx.core:core:1.13.1] AndroidManifest.xml:24:9-44
75
76    <uses-permission android:name="silver.genie.DYNAMIC_RECEIVER_NOT_EXPORTED_PERMISSION" />
76-->[androidx.core:core:1.13.1] AndroidManifest.xml:26:5-97
76-->[androidx.core:core:1.13.1] AndroidManifest.xml:26:22-94
77
78    <application
79        android:name="android.app.Application"
80        android:appComponentFactory="androidx.core.app.CoreComponentFactory"
80-->[androidx.core:core:1.13.1] AndroidManifest.xml:28:18-86
81        android:debuggable="true"
82        android:extractNativeLibs="true"
83        android:icon="@mipmap/launcher_icon"
84        android:label="SilverGenie"
85        android:usesCleartextTraffic="true" >
86        <activity
87            android:name="silver.genie.MainActivity"
88            android:configChanges="orientation|keyboardHidden|keyboard|screenSize|smallestScreenSize|locale|layoutDirection|fontScale|screenLayout|density|uiMode"
89            android:exported="true"
90            android:hardwareAccelerated="true"
91            android:launchMode="singleTask"
92            android:theme="@style/LaunchTheme"
93            android:windowSoftInputMode="adjustResize" >
94
95            <!--
96                 Specifies an Android theme to apply to this Activity as soon as
97                 the Android process has started. This theme is visible to the user
98                 while the Flutter UI initializes. After that, this theme continues
99                 to determine the Window background behind the Flutter UI.
100            -->
101            <meta-data
102                android:name="io.flutter.embedding.android.NormalTheme"
103                android:resource="@style/NormalTheme" />
104
105            <intent-filter>
106                <action android:name="android.intent.action.MAIN" />
106-->[com.razorpay:standard-core:1.6.50] AndroidManifest.xml:29:13-65
106-->[com.razorpay:standard-core:1.6.50] AndroidManifest.xml:29:21-62
107
108                <category android:name="android.intent.category.LAUNCHER" />
109            </intent-filter>
110
111            <meta-data
112                android:name="flutter_deeplinking_enabled"
113                android:value="true" />
114
115            <intent-filter android:autoVerify="true" >
116                <action android:name="android.intent.action.VIEW" />
116-->[:flutter_downloader] AndroidManifest.xml:10:13-65
116-->[:flutter_downloader] AndroidManifest.xml:10:21-62
117
118                <category android:name="android.intent.category.DEFAULT" />
119                <category android:name="android.intent.category.BROWSABLE" />
119-->[com.razorpay:standard-core:1.6.50] AndroidManifest.xml:21:13-74
119-->[com.razorpay:standard-core:1.6.50] AndroidManifest.xml:21:23-71
120
121                <data android:scheme="silvergenie" />
121-->[com.google.firebase:firebase-inappmessaging-display:21.0.0] AndroidManifest.xml:14:13-44
121-->[com.google.firebase:firebase-inappmessaging-display:21.0.0] AndroidManifest.xml:14:19-41
122                <data android:host="yoursilvergenie.app" />
122-->[com.google.firebase:firebase-inappmessaging-display:21.0.0] AndroidManifest.xml:14:13-44
123            </intent-filter>
124        </activity>
125        <activity
126            android:name="com.yalantis.ucrop.UCropActivity"
127            android:screenOrientation="portrait"
128            android:theme="@style/Theme.AppCompat.Light.NoActionBar" />
129        <!--
130             Don't delete the meta-data below.
131             This is used by the Flutter tool to generate GeneratedPluginRegistrant.java
132        -->
133        <meta-data
134            android:name="flutterEmbedding"
135            android:value="2" />
136
137        <service
138            android:name="com.google.android.gms.metadata.ModuleDependencies"
139            android:enabled="false"
140            android:exported="false" >
141            <intent-filter>
142                <action android:name="com.google.android.gms.metadata.MODULE_DEPENDENCIES" />
143            </intent-filter>
144
145            <meta-data
146                android:name="photopicker_activity:0:required"
147                android:value="" />
148        </service>
149        <service
150            android:name="com.google.firebase.messaging.FirebaseMessagingService"
151            android:directBootAware="true"
151-->[com.google.firebase:firebase-messaging:24.0.0] AndroidManifest.xml:48:13-43
152            android:exported="false" >
153            <intent-filter>
153-->[:firebase_messaging] AndroidManifest.xml:21:13-23:29
154                <action android:name="com.google.firebase.MESSAGING_EVENT" />
154-->[:firebase_messaging] AndroidManifest.xml:22:17-78
154-->[:firebase_messaging] AndroidManifest.xml:22:25-75
155            </intent-filter>
156            <intent-filter android:priority="-500" >
156-->[:firebase_messaging] AndroidManifest.xml:21:13-23:29
157                <action android:name="com.google.firebase.MESSAGING_EVENT" />
157-->[:firebase_messaging] AndroidManifest.xml:22:17-78
157-->[:firebase_messaging] AndroidManifest.xml:22:25-75
158            </intent-filter>
159        </service>
160
161        <provider
162            android:name="vn.hunghd.flutterdownloader.DownloadedFileProvider"
163            android:authorities="silver.genie.flutter_downloader.provider"
164            android:exported="false"
165            android:grantUriPermissions="true" >
166            <meta-data
166-->[:image_picker_android] AndroidManifest.xml:14:13-16:75
167                android:name="android.support.FILE_PROVIDER_PATHS"
167-->[:image_picker_android] AndroidManifest.xml:15:17-67
168                android:resource="@xml/provider_paths" />
168-->[:image_picker_android] AndroidManifest.xml:16:17-72
169        </provider>
170
171        <service
171-->[:firebase_analytics] AndroidManifest.xml:12:9-16:19
172            android:name="com.google.firebase.components.ComponentDiscoveryService"
172-->[:firebase_analytics] AndroidManifest.xml:12:18-89
173            android:directBootAware="true"
173-->[com.google.firebase:firebase-common:21.0.0] AndroidManifest.xml:32:13-43
174            android:exported="false" >
174-->[com.google.firebase:firebase-crashlytics:19.0.2] AndroidManifest.xml:14:13-37
175            <meta-data
175-->[:firebase_analytics] AndroidManifest.xml:13:13-15:85
176                android:name="com.google.firebase.components:io.flutter.plugins.firebase.analytics.FlutterFirebaseAppRegistrar"
176-->[:firebase_analytics] AndroidManifest.xml:14:17-128
177                android:value="com.google.firebase.components.ComponentRegistrar" />
177-->[:firebase_analytics] AndroidManifest.xml:15:17-82
178            <meta-data
178-->[:firebase_crashlytics] AndroidManifest.xml:9:13-11:85
179                android:name="com.google.firebase.components:io.flutter.plugins.firebase.crashlytics.FlutterFirebaseAppRegistrar"
179-->[:firebase_crashlytics] AndroidManifest.xml:10:17-130
180                android:value="com.google.firebase.components.ComponentRegistrar" />
180-->[:firebase_crashlytics] AndroidManifest.xml:11:17-82
181            <meta-data
181-->[:firebase_in_app_messaging] AndroidManifest.xml:9:13-11:85
182                android:name="com.google.firebase.components:io.flutter.plugins.firebase.inappmessaging.FlutterFirebaseAppRegistrar"
182-->[:firebase_in_app_messaging] AndroidManifest.xml:10:17-133
183                android:value="com.google.firebase.components.ComponentRegistrar" />
183-->[:firebase_in_app_messaging] AndroidManifest.xml:11:17-82
184            <meta-data
184-->[:firebase_messaging] AndroidManifest.xml:36:13-38:85
185                android:name="com.google.firebase.components:io.flutter.plugins.firebase.messaging.FlutterFirebaseAppRegistrar"
185-->[:firebase_messaging] AndroidManifest.xml:37:17-128
186                android:value="com.google.firebase.components.ComponentRegistrar" />
186-->[:firebase_messaging] AndroidManifest.xml:38:17-82
187            <meta-data
187-->[:firebase_performance] AndroidManifest.xml:11:13-13:85
188                android:name="com.google.firebase.components:io.flutter.plugins.firebase.performance.FlutterFirebaseAppRegistrar"
188-->[:firebase_performance] AndroidManifest.xml:12:17-130
189                android:value="com.google.firebase.components.ComponentRegistrar" />
189-->[:firebase_performance] AndroidManifest.xml:13:17-82
190            <meta-data
190-->[:firebase_core] AndroidManifest.xml:9:13-11:85
191                android:name="com.google.firebase.components:io.flutter.plugins.firebase.core.FlutterFirebaseCoreRegistrar"
191-->[:firebase_core] AndroidManifest.xml:10:17-124
192                android:value="com.google.firebase.components.ComponentRegistrar" />
192-->[:firebase_core] AndroidManifest.xml:11:17-82
193            <meta-data
193-->[com.google.firebase:firebase-crashlytics:19.0.2] AndroidManifest.xml:15:13-17:85
194                android:name="com.google.firebase.components:com.google.firebase.crashlytics.FirebaseCrashlyticsKtxRegistrar"
194-->[com.google.firebase:firebase-crashlytics:19.0.2] AndroidManifest.xml:16:17-126
195                android:value="com.google.firebase.components.ComponentRegistrar" />
195-->[com.google.firebase:firebase-crashlytics:19.0.2] AndroidManifest.xml:17:17-82
196            <meta-data
196-->[com.google.firebase:firebase-crashlytics:19.0.2] AndroidManifest.xml:18:13-20:85
197                android:name="com.google.firebase.components:com.google.firebase.crashlytics.CrashlyticsRegistrar"
197-->[com.google.firebase:firebase-crashlytics:19.0.2] AndroidManifest.xml:19:17-115
198                android:value="com.google.firebase.components.ComponentRegistrar" />
198-->[com.google.firebase:firebase-crashlytics:19.0.2] AndroidManifest.xml:20:17-82
199            <meta-data
199-->[com.google.firebase:firebase-messaging:24.0.0] AndroidManifest.xml:57:13-59:85
200                android:name="com.google.firebase.components:com.google.firebase.messaging.FirebaseMessagingKtxRegistrar"
200-->[com.google.firebase:firebase-messaging:24.0.0] AndroidManifest.xml:58:17-122
201                android:value="com.google.firebase.components.ComponentRegistrar" />
201-->[com.google.firebase:firebase-messaging:24.0.0] AndroidManifest.xml:59:17-82
202            <meta-data
202-->[com.google.firebase:firebase-messaging:24.0.0] AndroidManifest.xml:60:13-62:85
203                android:name="com.google.firebase.components:com.google.firebase.messaging.FirebaseMessagingRegistrar"
203-->[com.google.firebase:firebase-messaging:24.0.0] AndroidManifest.xml:61:17-119
204                android:value="com.google.firebase.components.ComponentRegistrar" />
204-->[com.google.firebase:firebase-messaging:24.0.0] AndroidManifest.xml:62:17-82
205            <meta-data
205-->[com.google.android.gms:play-services-measurement-api:22.0.2] AndroidManifest.xml:37:13-39:85
206                android:name="com.google.firebase.components:com.google.firebase.analytics.connector.internal.AnalyticsConnectorRegistrar"
206-->[com.google.android.gms:play-services-measurement-api:22.0.2] AndroidManifest.xml:38:17-139
207                android:value="com.google.firebase.components.ComponentRegistrar" />
207-->[com.google.android.gms:play-services-measurement-api:22.0.2] AndroidManifest.xml:39:17-82
208            <meta-data
208-->[com.google.firebase:firebase-perf:21.0.1] AndroidManifest.xml:14:13-16:85
209                android:name="com.google.firebase.components:com.google.firebase.perf.FirebasePerfKtxRegistrar"
209-->[com.google.firebase:firebase-perf:21.0.1] AndroidManifest.xml:15:17-112
210                android:value="com.google.firebase.components.ComponentRegistrar" />
210-->[com.google.firebase:firebase-perf:21.0.1] AndroidManifest.xml:16:17-82
211            <meta-data
211-->[com.google.firebase:firebase-perf:21.0.1] AndroidManifest.xml:17:13-19:85
212                android:name="com.google.firebase.components:com.google.firebase.perf.FirebasePerfRegistrar"
212-->[com.google.firebase:firebase-perf:21.0.1] AndroidManifest.xml:18:17-109
213                android:value="com.google.firebase.components.ComponentRegistrar" />
213-->[com.google.firebase:firebase-perf:21.0.1] AndroidManifest.xml:19:17-82
214            <meta-data
214-->[com.google.firebase:firebase-sessions:2.0.2] AndroidManifest.xml:29:13-31:85
215                android:name="com.google.firebase.components:com.google.firebase.sessions.FirebaseSessionsRegistrar"
215-->[com.google.firebase:firebase-sessions:2.0.2] AndroidManifest.xml:30:17-117
216                android:value="com.google.firebase.components.ComponentRegistrar" />
216-->[com.google.firebase:firebase-sessions:2.0.2] AndroidManifest.xml:31:17-82
217            <meta-data
217-->[com.google.firebase:firebase-inappmessaging-display:21.0.0] AndroidManifest.xml:22:13-24:85
218                android:name="com.google.firebase.components:com.google.firebase.inappmessaging.display.FirebaseInAppMessagingDisplayKtxRegistrar"
218-->[com.google.firebase:firebase-inappmessaging-display:21.0.0] AndroidManifest.xml:23:17-147
219                android:value="com.google.firebase.components.ComponentRegistrar" />
219-->[com.google.firebase:firebase-inappmessaging-display:21.0.0] AndroidManifest.xml:24:17-82
220            <meta-data
220-->[com.google.firebase:firebase-inappmessaging-display:21.0.0] AndroidManifest.xml:25:13-27:85
221                android:name="com.google.firebase.components:com.google.firebase.inappmessaging.display.FirebaseInAppMessagingDisplayRegistrar"
221-->[com.google.firebase:firebase-inappmessaging-display:21.0.0] AndroidManifest.xml:26:17-144
222                android:value="com.google.firebase.components.ComponentRegistrar" />
222-->[com.google.firebase:firebase-inappmessaging-display:21.0.0] AndroidManifest.xml:27:17-82
223            <meta-data
223-->[com.google.firebase:firebase-inappmessaging:21.0.0] AndroidManifest.xml:14:13-16:85
224                android:name="com.google.firebase.components:com.google.firebase.inappmessaging.FirebaseInAppMessagingKtxRegistrar"
224-->[com.google.firebase:firebase-inappmessaging:21.0.0] AndroidManifest.xml:15:17-132
225                android:value="com.google.firebase.components.ComponentRegistrar" />
225-->[com.google.firebase:firebase-inappmessaging:21.0.0] AndroidManifest.xml:16:17-82
226            <meta-data
226-->[com.google.firebase:firebase-inappmessaging:21.0.0] AndroidManifest.xml:17:13-19:85
227                android:name="com.google.firebase.components:com.google.firebase.inappmessaging.FirebaseInAppMessagingRegistrar"
227-->[com.google.firebase:firebase-inappmessaging:21.0.0] AndroidManifest.xml:18:17-129
228                android:value="com.google.firebase.components.ComponentRegistrar" />
228-->[com.google.firebase:firebase-inappmessaging:21.0.0] AndroidManifest.xml:19:17-82
229            <meta-data
229-->[com.google.firebase:firebase-config:22.0.0] AndroidManifest.xml:29:13-31:85
230                android:name="com.google.firebase.components:com.google.firebase.remoteconfig.FirebaseRemoteConfigKtxRegistrar"
230-->[com.google.firebase:firebase-config:22.0.0] AndroidManifest.xml:30:17-128
231                android:value="com.google.firebase.components.ComponentRegistrar" />
231-->[com.google.firebase:firebase-config:22.0.0] AndroidManifest.xml:31:17-82
232            <meta-data
232-->[com.google.firebase:firebase-config:22.0.0] AndroidManifest.xml:32:13-34:85
233                android:name="com.google.firebase.components:com.google.firebase.remoteconfig.RemoteConfigRegistrar"
233-->[com.google.firebase:firebase-config:22.0.0] AndroidManifest.xml:33:17-117
234                android:value="com.google.firebase.components.ComponentRegistrar" />
234-->[com.google.firebase:firebase-config:22.0.0] AndroidManifest.xml:34:17-82
235            <meta-data
235-->[com.google.firebase:firebase-installations:18.0.0] AndroidManifest.xml:15:13-17:85
236                android:name="com.google.firebase.components:com.google.firebase.installations.FirebaseInstallationsKtxRegistrar"
236-->[com.google.firebase:firebase-installations:18.0.0] AndroidManifest.xml:16:17-130
237                android:value="com.google.firebase.components.ComponentRegistrar" />
237-->[com.google.firebase:firebase-installations:18.0.0] AndroidManifest.xml:17:17-82
238            <meta-data
238-->[com.google.firebase:firebase-installations:18.0.0] AndroidManifest.xml:18:13-20:85
239                android:name="com.google.firebase.components:com.google.firebase.installations.FirebaseInstallationsRegistrar"
239-->[com.google.firebase:firebase-installations:18.0.0] AndroidManifest.xml:19:17-127
240                android:value="com.google.firebase.components.ComponentRegistrar" />
240-->[com.google.firebase:firebase-installations:18.0.0] AndroidManifest.xml:20:17-82
241            <meta-data
241-->[com.google.firebase:firebase-common-ktx:21.0.0] AndroidManifest.xml:12:13-14:85
242                android:name="com.google.firebase.components:com.google.firebase.ktx.FirebaseCommonLegacyRegistrar"
242-->[com.google.firebase:firebase-common-ktx:21.0.0] AndroidManifest.xml:13:17-116
243                android:value="com.google.firebase.components.ComponentRegistrar" />
243-->[com.google.firebase:firebase-common-ktx:21.0.0] AndroidManifest.xml:14:17-82
244            <meta-data
244-->[com.google.firebase:firebase-datatransport:18.2.0] AndroidManifest.xml:25:13-27:85
245                android:name="com.google.firebase.components:com.google.firebase.datatransport.TransportRegistrar"
245-->[com.google.firebase:firebase-datatransport:18.2.0] AndroidManifest.xml:26:17-115
246                android:value="com.google.firebase.components.ComponentRegistrar" />
246-->[com.google.firebase:firebase-datatransport:18.2.0] AndroidManifest.xml:27:17-82
247            <meta-data
247-->[com.google.firebase:firebase-common:21.0.0] AndroidManifest.xml:35:13-37:85
248                android:name="com.google.firebase.components:com.google.firebase.FirebaseCommonKtxRegistrar"
248-->[com.google.firebase:firebase-common:21.0.0] AndroidManifest.xml:36:17-109
249                android:value="com.google.firebase.components.ComponentRegistrar" />
249-->[com.google.firebase:firebase-common:21.0.0] AndroidManifest.xml:37:17-82
250            <meta-data
250-->[com.google.firebase:firebase-abt:21.1.1] AndroidManifest.xml:12:13-14:85
251                android:name="com.google.firebase.components:com.google.firebase.abt.component.AbtRegistrar"
251-->[com.google.firebase:firebase-abt:21.1.1] AndroidManifest.xml:13:17-109
252                android:value="com.google.firebase.components.ComponentRegistrar" />
252-->[com.google.firebase:firebase-abt:21.1.1] AndroidManifest.xml:14:17-82
253        </service>
254        <service
254-->[:firebase_messaging] AndroidManifest.xml:14:9-17:72
255            android:name="io.flutter.plugins.firebase.messaging.FlutterFirebaseMessagingBackgroundService"
255-->[:firebase_messaging] AndroidManifest.xml:15:13-107
256            android:exported="false"
256-->[:firebase_messaging] AndroidManifest.xml:16:13-37
257            android:permission="android.permission.BIND_JOB_SERVICE" />
257-->[:firebase_messaging] AndroidManifest.xml:17:13-69
258        <service
258-->[:firebase_messaging] AndroidManifest.xml:18:9-24:19
259            android:name="io.flutter.plugins.firebase.messaging.FlutterFirebaseMessagingService"
259-->[:firebase_messaging] AndroidManifest.xml:19:13-97
260            android:exported="false" >
260-->[:firebase_messaging] AndroidManifest.xml:20:13-37
261            <intent-filter>
261-->[:firebase_messaging] AndroidManifest.xml:21:13-23:29
262                <action android:name="com.google.firebase.MESSAGING_EVENT" />
262-->[:firebase_messaging] AndroidManifest.xml:22:17-78
262-->[:firebase_messaging] AndroidManifest.xml:22:25-75
263            </intent-filter>
264        </service>
265
266        <receiver
266-->[:firebase_messaging] AndroidManifest.xml:26:9-33:20
267            android:name="io.flutter.plugins.firebase.messaging.FlutterFirebaseMessagingReceiver"
267-->[:firebase_messaging] AndroidManifest.xml:27:13-98
268            android:exported="true"
268-->[:firebase_messaging] AndroidManifest.xml:28:13-36
269            android:permission="com.google.android.c2dm.permission.SEND" >
269-->[:firebase_messaging] AndroidManifest.xml:29:13-73
270            <intent-filter>
270-->[:firebase_messaging] AndroidManifest.xml:30:13-32:29
271                <action android:name="com.google.android.c2dm.intent.RECEIVE" />
271-->[:firebase_messaging] AndroidManifest.xml:31:17-81
271-->[:firebase_messaging] AndroidManifest.xml:31:25-78
272            </intent-filter>
273        </receiver>
274
275        <provider
275-->[:firebase_messaging] AndroidManifest.xml:41:9-45:38
276            android:name="io.flutter.plugins.firebase.messaging.FlutterFirebaseMessagingInitProvider"
276-->[:firebase_messaging] AndroidManifest.xml:42:13-102
277            android:authorities="silver.genie.flutterfirebasemessaginginitprovider"
277-->[:firebase_messaging] AndroidManifest.xml:43:13-88
278            android:exported="false"
278-->[:firebase_messaging] AndroidManifest.xml:44:13-37
279            android:initOrder="99" />
279-->[:firebase_messaging] AndroidManifest.xml:45:13-35
280        <provider
280-->[:image_picker_android] AndroidManifest.xml:9:9-17:20
281            android:name="io.flutter.plugins.imagepicker.ImagePickerFileProvider"
281-->[:image_picker_android] AndroidManifest.xml:10:13-82
282            android:authorities="silver.genie.flutter.image_provider"
282-->[:image_picker_android] AndroidManifest.xml:11:13-74
283            android:exported="false"
283-->[:image_picker_android] AndroidManifest.xml:12:13-37
284            android:grantUriPermissions="true" >
284-->[:image_picker_android] AndroidManifest.xml:13:13-47
285            <meta-data
285-->[:image_picker_android] AndroidManifest.xml:14:13-16:75
286                android:name="android.support.FILE_PROVIDER_PATHS"
286-->[:image_picker_android] AndroidManifest.xml:15:17-67
287                android:resource="@xml/flutter_image_picker_file_paths" />
287-->[:image_picker_android] AndroidManifest.xml:16:17-72